0 info it worked if it ends with ok
1 verbose cli [ 'C:\\Program Files\\nodejs\\node.exe',
1 verbose cli   'C:\\Program Files\\nodejs\\node_modules\\npm\\bin\\npm-cli.js',
1 verbose cli   'start' ]
2 info using npm@3.10.9
3 info using node@v6.9.2
4 verbose run-script [ 'prestart', 'start', 'poststart' ]
5 info lifecycle mywebapi@0.0.0~prestart: mywebapi@0.0.0
6 silly lifecycle mywebapi@0.0.0~prestart: no script for prestart, continuing
7 info lifecycle mywebapi@0.0.0~start: mywebapi@0.0.0
8 verbose lifecycle mywebapi@0.0.0~start: unsafe-perm in lifecycle true
9 verbose lifecycle mywebapi@0.0.0~start: PATH: C:\Program Files\nodejs\node_modules\npm\bin\node-gyp-bin;E:\Learning2bexpert\AngularLearning\MyWebAPI\node_modules\.bin;C:\Users\Lenovo\bin;C:\Program Files\Git\mingw64\bin;C:\Program Files\Git\usr\local\bin;C:\Program Files\Git\usr\bin;C:\Program Files\Git\usr\bin;C:\Program Files\Git\mingw64\bin;C:\Program Files\Git\usr\bin;C:\Users\Lenovo\bin;C:\ProgramData\Oracle\Java\javapath;C:\Windows\system32;C:\Windows;C:\Windows\System32\Wbem;C:\Windows\System32\WindowsPowerShell\v1.0;C:\Program Files (x86)\Common Files\lenovo\easyplussdk\bin;C:\Program Files\Git\cmd;C:\Program Files\Git\mingw64\bin;C:\Program Files\Git\usr\bin;C:\WINDOWS\system32;C:\WINDOWS;C:\WINDOWS\System32\Wbem;C:\WINDOWS\System32\WindowsPowerShell\v1.0;C:\Program Files\Java\jdk1.7.0_79\bin;C:\Program Files (x86)\NVIDIA Corporation\PhysX\Common;C:\Program Files\nodejs;D:\Workout\Xampp\php;C:\ProgramData\ComposerSetup\bin;C:\Go\bin;C:\WINDOWS\system32\config\systemprofile\.dnx\bin;C:\Program Files\Microsoft DNX\Dnvm;C:\Program Files\Microsoft SQL Server\130\Tools\Binn;E:\goWorkSpace\sbc-go\go-sbc\bin;C:\Program Files\Intel\WiFi\bin;C:\Program Files\Common Files\Intel\WirelessCommon;C:\WINDOWS\system32;C:\WINDOWS;C:\WINDOWS\System32\Wbem;C:\WINDOWS\System32\WindowsPowerShell\v1.0;C:\Users\Lenovo\AppData\Local\Microsoft\WindowsApps;C:\Users\Lenovo\AppData\Roaming\npm;C:\Program Files\Heroku\bin;C:\Users\Lenovo\AppData\Roaming\Composer\vendor\bin;C:\Users\Lenovo\AppData\Local\atom\bin;C:\Program Files (x86)\Sophos\Sophos SSL VPN Client\bin;C:\Users\Lenovo\AppData\Local\Microsoft\WindowsApps;C:\Program Files (x86)\Microsoft VS Code\bin;C:\Program Files\Git\usr\bin\vendor_perl;C:\Program Files\Git\usr\bin\core_perl
10 verbose lifecycle mywebapi@0.0.0~start: CWD: E:\Learning2bexpert\AngularLearning\MyWebAPI
11 silly lifecycle mywebapi@0.0.0~start: Args: [ '/d /s /c', 'node ./bin/www' ]
12 verbose stack Error: kill ENOSYS
12 verbose stack     at exports._errnoException (util.js:1022:11)
12 verbose stack     at process.kill (internal/process.js:172:13)
12 verbose stack     at process.listener (C:\Program Files\nodejs\node_modules\npm\node_modules\npmlog\node_modules\gauge\node_modules\signal-exit\index.js:86:15)
12 verbose stack     at emitNone (events.js:91:20)
12 verbose stack     at process.emit (events.js:185:7)
12 verbose stack     at processEmit (C:\Program Files\nodejs\node_modules\npm\node_modules\npmlog\node_modules\gauge\node_modules\signal-exit\index.js:146:32)
12 verbose stack     at processEmit (C:\Program Files\nodejs\node_modules\npm\node_modules\npm-registry-client\node_modules\npmlog\node_modules\gauge\node_modules\signal-exit\index.js:146:32)
12 verbose stack     at Signal.wrap.onsignal (internal/process.js:199:44)
13 verbose cwd E:\Learning2bexpert\AngularLearning\MyWebAPI
14 error Windows_NT 10.0.15063
15 error argv "C:\\Program Files\\nodejs\\node.exe" "C:\\Program Files\\nodejs\\node_modules\\npm\\bin\\npm-cli.js" "start"
16 error node v6.9.2
17 error npm  v3.10.9
18 error code ENOSYS
19 error errno ENOSYS
20 error syscall kill
21 error kill ENOSYS
22 error If you need help, you may report this error at:
22 error     <https://github.com/npm/npm/issues>
23 verbose exit [ 1, true ]
